<?xml version="1.0" encoding="UTF-8"?>
<testsuite xmlns:xsi="http://www.w3.org/2001/XMLSchema-instance" xsi:noNamespaceSchemaLocation="https://maven.apache.org/surefire/maven-surefire-plugin/xsd/surefire-test-report.xsd" version="3.0.2" name="com.skyblockexp.teamsapi.api.TeamsAPITest" time="3.279" tests="10" errors="0" skipped="0" failures="0">
  <properties>
[...]
</properties>
  <testcase name="registerProvider_withPriority_withNullPriority_doesNotRegister" classname="com.skyblockexp.teamsapi.api.TeamsAPITest" time="3.141">
    <system-err><![CDATA[SLF4J(W): No SLF4J providers were found.
SLF4J(W): Defaulting to no-operation (NOP) logger implementation
SLF4J(W): See https://www.slf4j.org/codes.html#noProviders for further details.
Mockito is currently self-attaching to enable the inline-mock-maker. This will no longer work in future releases of the JDK. Please add Mockito as an agent to your build as described in Mockito's documentation: https://javadoc.io/doc/org.mockito/mockito-core/latest/org.mockito/org/mockito/Mockito.html#0.3
WARNING: A Java agent has been loaded dynamically (/home/niels/.m2/repository/net/bytebuddy/byte-buddy-agent/1.17.7/byte-buddy-agent-1.17.7.jar)
WARNING: If a serviceability tool is in use, please run with -XX:+EnableDynamicAgentLoading to hide this warning
WARNING: If a serviceability tool is not in use, please run with -Djdk.instrument.traceUsage for more information
WARNING: Dynamic loading of agents will be disallowed by default in a future release
]]></system-err>
  </testcase>
  <testcase name="registerProvider_withNullProvider_doesNotRegister" classname="com.skyblockexp.teamsapi.api.TeamsAPITest" time="0.023"/>
  <testcase name="unregisterProvider_makesServiceUnavailable" classname="com.skyblockexp.teamsapi.api.TeamsAPITest" time="0.019"/>
  <testcase name="registerProvider_withNullPlugin_doesNotRegister" classname="com.skyblockexp.teamsapi.api.TeamsAPITest" time="0.003"/>
  <testcase name="getService_returnsNull_whenNoProviderRegistered" classname="com.skyblockexp.teamsapi.api.TeamsAPITest" time="0.004"/>
  <testcase name="registerProvider_withPriority_registersCorrectly" classname="com.skyblockexp.teamsapi.api.TeamsAPITest" time="0.018"/>
  <testcase name="apiVersion_isNotEmpty" classname="com.skyblockexp.teamsapi.api.TeamsAPITest" time="0.004"/>
  <testcase name="registerProvider_makesServiceAvailable" classname="com.skyblockexp.teamsapi.api.TeamsAPITest" time="0.011"/>
  <testcase name="unregisterProvider_withNull_doesNotThrow" classname="com.skyblockexp.teamsapi.api.TeamsAPITest" time="0.003"/>
  <testcase name="isAvailable_returnsFalse_whenNoProviderRegistered" classname="com.skyblockexp.teamsapi.api.TeamsAPITest" time="0.002"/>
</testsuite>